2025-05-14 11:25:30,170 - INFO - Bot initialized using testnet: True
2025-05-14 11:25:30,919 - ERROR - API Error: APIError(code=-2015): Invalid API-key, IP, or permissions for action
2025-05-14 11:40:05,217 - INFO - Bot initialized using testnet: True
2025-05-14 11:40:05,955 - ERROR - API Error: APIError(code=-2015): Invalid API-key, IP, or permissions for action
2025-05-14 11:42:24,519 - INFO - Bot initialized using testnet: True
2025-05-14 11:42:25,033 - ERROR - API Error: APIError(code=-2015): Invalid API-key, IP, or permissions for action
2025-05-15 10:32:32,772 - INFO - Bot initialized using testnet: True
2025-05-15 10:32:33,306 - ERROR - API Error: APIError(code=-2015): Invalid API-key, IP, or permissions for action
2025-05-15 10:33:21,276 - INFO - Bot initialized using testnet: True
2025-05-15 10:33:21,910 - ERROR - API Error: APIError(code=-2015): Invalid API-key, IP, or permissions for action
2025-05-15 10:42:11,663 - INFO - Bot initialized using testnet: True
2025-05-15 10:42:12,286 - ERROR - API Error: APIError(code=-2015): Invalid API-key, IP, or permissions for action
2025-05-15 10:43:17,715 - INFO - Bot initialized using testnet: True
2025-05-15 10:43:18,011 - ERROR - API Error: APIError(code=-2015): Invalid API-key, IP, or permissions for action
2025-05-15 10:43:24,071 - INFO - Bot initialized using testnet: True
2025-05-15 10:43:24,609 - ERROR - API Error: APIError(code=-2015): Invalid API-key, IP, or permissions for action
2025-05-15 10:44:12,934 - INFO - Bot initialized using testnet: True
2025-05-15 10:44:32,337 - ERROR - API Error: APIError(code=-2015): Invalid API-key, IP, or permissions for action
2025-05-15 10:47:17,843 - INFO - Bot initialized using testnet: True
2025-05-15 10:47:18,430 - ERROR - API Error: APIError(code=-2015): Invalid API-key, IP, or permissions for action
2025-05-15 10:51:14,826 - INFO - Bot initialized using testnet: True
2025-05-15 10:51:15,436 - ERROR - API Error: APIError(code=-2015): Invalid API-key, IP, or permissions for action
2025-05-15 10:52:47,433 - INFO - Bot initialized using testnet: True
2025-05-15 10:52:48,043 - ERROR - API Error: APIError(code=-2019): Margin is insufficient.
2025-05-15 10:53:27,824 - INFO - Bot initialized using testnet: True
2025-05-15 10:53:28,055 - ERROR - API Error: APIError(code=-4061): Order's position side does not match user's setting.
2025-05-15 10:54:11,845 - INFO - Bot initialized using testnet: True
2025-05-15 10:54:12,473 - ERROR - API Error: APIError(code=-4061): Order's position side does not match user's setting.
2025-05-15 10:55:37,750 - INFO - Bot initialized using testnet: True
2025-05-15 10:55:38,372 - INFO - Order placed: {'orderId': 4428448695, 'symbol': 'BTCUSDT', 'status': 'NEW', 'clientOrderId': 'x-Cb7ytekJc8645ff07ef3f3dbcba11d', 'price': '0.00', 'avgPrice': '0.00', 'origQty': '0.001', 'executedQty': '0.000', 'cumQty': '0.000', 'cumQuote': '0.00000', 'timeInForce': 'GTC', 'type': 'MARKET', 'reduceOnly': False, 'closePosition': False, 'side': 'BUY', 'positionSide': 'LONG', 'stopPrice': '0.00', 'workingType': 'CONTRACT_PRICE', 'priceProtect': False, 'origType': 'MARKET', 'priceMatch': 'NONE', 'selfTradePreventionMode': 'EXPIRE_MAKER', 'goodTillDate': 0, 'updateTime': 1747286738031}
2025-05-15 11:13:41,257 - INFO - Bot initialized using testnet: True
2025-05-15 11:13:54,916 - ERROR - API Error: APIError(code=-2019): Margin is insufficient.
2025-05-15 11:14:18,404 - ERROR - API Error: APIError(code=-2019): Margin is insufficient.
2025-05-15 11:14:33,111 - INFO - Order placed: {'orderId': 4428483701, 'symbol': 'BTCUSDT', 'status': 'NEW', 'clientOrderId': 'x-Cb7ytekJ234515d9c93df56c64f845', 'price': '0.00', 'avgPrice': '0.00', 'origQty': '0.001', 'executedQty': '0.000', 'cumQty': '0.000', 'cumQuote': '0.00000', 'timeInForce': 'GTC', 'type': 'MARKET', 'reduceOnly': False, 'closePosition': False, 'side': 'BUY', 'positionSide': 'LONG', 'stopPrice': '0.00', 'workingType': 'CONTRACT_PRICE', 'priceProtect': False, 'origType': 'MARKET', 'priceMatch': 'NONE', 'selfTradePreventionMode': 'EXPIRE_MAKER', 'goodTillDate': 0, 'updateTime': 1747287872721}
2025-05-15 11:15:29,135 - INFO - Order placed: {'orderId': 4428485409, 'symbol': 'BTCUSDT', 'status': 'NEW', 'clientOrderId': 'x-Cb7ytekJ573e3b04000d1ebdedcc8', 'price': '0.00', 'avgPrice': '0.00', 'origQty': '0.010', 'executedQty': '0.000', 'cumQty': '0.000', 'cumQuote': '0.00000', 'timeInForce': 'GTC', 'type': 'MARKET', 'reduceOnly': False, 'closePosition': False, 'side': 'BUY', 'positionSide': 'LONG', 'stopPrice': '0.00', 'workingType': 'CONTRACT_PRICE', 'priceProtect': False, 'origType': 'MARKET', 'priceMatch': 'NONE', 'selfTradePreventionMode': 'EXPIRE_MAKER', 'goodTillDate': 0, 'updateTime': 1747287928737}
